<?xml version="1.0" encoding="UTF-8"?>
<!-- Generated by org.testng.reporters.JUnitReportReporter -->
<testsuite skipped="1" hostname="TRI03L-5TH09Z1" name="Realtime_Scenarios.TestNG" tests="2" failures="0" timestamp="31 Mar 2020 14:01:35 GMT" time="17.241" errors="1">
  <testcase name="searchfunctionality" time="0.001" classname="Realtime_Scenarios.TestNG">
    <skipped/>
  </testcase> <!-- searchfunctionality -->
  <testcase name="browsersetup" time="17.240" classname="Realtime_Scenarios.TestNG">
    <error type="org.openqa.selenium.SessionNotCreatedException" message="session not created
from chrome not reachable
  (Session info: chrome=80.0.3987.149)
Build info: version: &#039;3.141.59&#039;, revision: &#039;e82be7d358&#039;, time: &#039;2018-11-14T08:25:53&#039;
System info: host: &#039;TRI03L-5TH09Z1&#039;, ip: &#039;192.168.1.4&#039;, os.name: &#039;Windows 10&#039;, os.arch: &#039;amd64&#039;, os.version: &#039;10.0&#039;, java.version: &#039;1.8.0_221&#039;
Driver info: driver.version: ChromeDriver
remote stacktrace: Backtrace:
	Ordinal0 [0x006D0C83+1707139]
	Ordinal0 [0x006368F1+1075441]
	Ordinal0 [0x005ADE72+515698]
	Ordinal0 [0x005A7CA8+490664]
	Ordinal0 [0x005A839B+492443]
	Ordinal0 [0x005A92F5+496373]
	Ordinal0 [0x005A4F05+478981]
	Ordinal0 [0x005AECA0+519328]
	Ordinal0 [0x0055CA67+182887]
	Ordinal0 [0x0055BDDD+179677]
	Ordinal0 [0x00559D4B+171339]
	Ordinal0 [0x00541D4A+73034]
	Ordinal0 [0x00542DC0+77248]
	Ordinal0 [0x00542D59+77145]
	Ordinal0 [0x0064BB67+1162087]
	GetHandleVerifier [0x0076A966+508998]
	GetHandleVerifier [0x0076A6A4+508292]
	GetHandleVerifier [0x0077F7B7+594583]
	GetHandleVerifier [0x0076B1D6+511158]
	Ordinal0 [0x0064402C+1130540]
	Ordinal0 [0x0064D4CB+1168587]
	Ordinal0 [0x0064D633+1168947]
	Ordinal0 [0x00665B35+1268533]
	BaseThreadInitThunk [0x766F6359+25]
	RtlGetAppContainerNamedObjectPath [0x76F77B74+228]
	RtlGetAppContainerNamedObjectPath [0x76F77B44+180]
">
      <![CDATA[org.openqa.selenium.SessionNotCreatedException: session not created
from chrome not reachable
  (Session info: chrome=80.0.3987.149)
Build info: version: '3.141.59', revision: 'e82be7d358', time: '2018-11-14T08:25:53'
System info: host: 'TRI03L-5TH09Z1', ip: '192.168.1.4', os.name: 'Windows 10', os.arch: 'amd64', os.version: '10.0', java.version: '1.8.0_221'
Driver info: driver.version: ChromeDriver
remote stacktrace: Backtrace:
Ordinal0 [0x006D0C83+1707139]
Ordinal0 [0x006368F1+1075441]
Ordinal0 [0x005ADE72+515698]
Ordinal0 [0x005A7CA8+490664]
Ordinal0 [0x005A839B+492443]
Ordinal0 [0x005A92F5+496373]
Ordinal0 [0x005A4F05+478981]
Ordinal0 [0x005AECA0+519328]
Ordinal0 [0x0055CA67+182887]
Ordinal0 [0x0055BDDD+179677]
Ordinal0 [0x00559D4B+171339]
Ordinal0 [0x00541D4A+73034]
Ordinal0 [0x00542DC0+77248]
Ordinal0 [0x00542D59+77145]
Ordinal0 [0x0064BB67+1162087]
GetHandleVerifier [0x0076A966+508998]
GetHandleVerifier [0x0076A6A4+508292]
GetHandleVerifier [0x0077F7B7+594583]
GetHandleVerifier [0x0076B1D6+511158]
Ordinal0 [0x0064402C+1130540]
Ordinal0 [0x0064D4CB+1168587]
Ordinal0 [0x0064D633+1168947]
Ordinal0 [0x00665B35+1268533]
BaseThreadInitThunk [0x766F6359+25]
RtlGetAppContainerNamedObjectPath [0x76F77B74+228]
RtlGetAppContainerNamedObjectPath [0x76F77B44+180]

at sun.reflect.NativeConstructorAccessorImpl.newInstance0(Native Method)
at sun.reflect.NativeConstructorAccessorImpl.newInstance(Unknown Source)
at sun.reflect.DelegatingConstructorAccessorImpl.newInstance(Unknown Source)
at java.lang.reflect.Constructor.newInstance(Unknown Source)
at org.openqa.selenium.remote.W3CHandshakeResponse.lambda$errorHandler$0(W3CHandshakeResponse.java:62)
at org.openqa.selenium.remote.HandshakeResponse.lambda$getResponseFunction$0(HandshakeResponse.java:30)
at org.openqa.selenium.remote.ProtocolHandshake.lambda$createSession$0(ProtocolHandshake.java:126)
at java.util.stream.ReferencePipeline$3$1.accept(Unknown Source)
at java.util.Spliterators$ArraySpliterator.tryAdvance(Unknown Source)
at java.util.stream.ReferencePipeline.forEachWithCancel(Unknown Source)
at java.util.stream.AbstractPipeline.copyIntoWithCancel(Unknown Source)
at java.util.stream.AbstractPipeline.copyInto(Unknown Source)
at java.util.stream.AbstractPipeline.wrapAndCopyInto(Unknown Source)
at java.util.stream.FindOps$FindOp.evaluateSequential(Unknown Source)
at java.util.stream.AbstractPipeline.evaluate(Unknown Source)
at java.util.stream.ReferencePipeline.findFirst(Unknown Source)
at org.openqa.selenium.remote.ProtocolHandshake.createSession(ProtocolHandshake.java:128)
at org.openqa.selenium.remote.ProtocolHandshake.createSession(ProtocolHandshake.java:74)
at org.openqa.selenium.remote.HttpCommandExecutor.execute(HttpCommandExecutor.java:136)
at org.openqa.selenium.remote.service.DriverCommandExecutor.execute(DriverCommandExecutor.java:83)
at org.openqa.selenium.remote.RemoteWebDriver.execute(RemoteWebDriver.java:552)
at org.openqa.selenium.remote.RemoteWebDriver.startSession(RemoteWebDriver.java:213)
at org.openqa.selenium.remote.RemoteWebDriver.<init>(RemoteWebDriver.java:131)
at org.openqa.selenium.chrome.ChromeDriver.<init>(ChromeDriver.java:181)
at org.openqa.selenium.chrome.ChromeDriver.<init>(ChromeDriver.java:168)
at org.openqa.selenium.chrome.ChromeDriver.<init>(ChromeDriver.java:123)
at Realtime_Scenarios.TestNG.browsersetup(TestNG.java:18)
at sun.reflect.NativeMethodAccessorImpl.invoke0(Native Method)
at sun.reflect.NativeMethodAccessorImpl.invoke(Unknown Source)
at sun.reflect.DelegatingMethodAccessorImpl.invoke(Unknown Source)
at java.lang.reflect.Method.invoke(Unknown Source)
at org.testng.internal.MethodInvocationHelper.invokeMethod(MethodInvocationHelper.java:124)
at org.testng.internal.MethodInvocationHelper.invokeMethodConsideringTimeout(MethodInvocationHelper.java:59)
at org.testng.internal.Invoker.invokeConfigurationMethod(Invoker.java:458)
at org.testng.internal.Invoker.invokeConfigurations(Invoker.java:222)
at org.testng.internal.Invoker.invokeConfigurations(Invoker.java:142)
at org.testng.TestRunner.beforeRun(TestRunner.java:529)
at org.testng.TestRunner.run(TestRunner.java:497)
at org.testng.SuiteRunner.runTest(SuiteRunner.java:455)
at org.testng.SuiteRunner.runSequentially(SuiteRunner.java:450)
at org.testng.SuiteRunner.privateRun(SuiteRunner.java:415)
at org.testng.SuiteRunner.run(SuiteRunner.java:364)
at org.testng.SuiteRunnerWorker.runSuite(SuiteRunnerWorker.java:52)
at org.testng.SuiteRunnerWorker.run(SuiteRunnerWorker.java:84)
at org.testng.TestNG.runSuitesSequentially(TestNG.java:1208)
at org.testng.TestNG.runSuitesLocally(TestNG.java:1137)
at org.testng.TestNG.runSuites(TestNG.java:1049)
at org.testng.TestNG.run(TestNG.java:1017)
at org.testng.remote.AbstractRemoteTestNG.run(AbstractRemoteTestNG.java:114)
at org.testng.remote.RemoteTestNG.initAndRun(RemoteTestNG.java:251)
at org.testng.remote.RemoteTestNG.main(RemoteTestNG.java:77)
]]>
    </error>
  </testcase> <!-- browsersetup -->
</testsuite> <!-- Realtime_Scenarios.TestNG -->
