<?xml version="1.0" encoding="UTF-8"?>
<!-- Generated by org.testng.reporters.JUnitReportReporter -->
<testsuite hostname="TRI03L-5TH09Z1" name="Realtime_Scenarios.Sample" tests="1" failures="0" timestamp="16 Jun 2020 04:01:59 GMT" time="0.000" errors="1">
  <testcase name="VerifyTitle" time="0.000" classname="Realtime_Scenarios.Sample">
    <error type="org.openqa.selenium.SessionNotCreatedException" message="session not created: This version of ChromeDriver only supports Chrome version 80
Build info: version: &#039;3.141.59&#039;, revision: &#039;e82be7d358&#039;, time: &#039;2018-11-14T08:25:53&#039;
System info: host: &#039;TRI03L-5TH09Z1&#039;, ip: &#039;192.168.1.4&#039;, os.name: &#039;Windows 10&#039;, os.arch: &#039;amd64&#039;, os.version: &#039;10.0&#039;, java.version: &#039;1.8.0_221&#039;
Driver info: driver.version: ChromeDriver
remote stacktrace: Backtrace:
	Ordinal0 [0x00FA0C83+1707139]
	Ordinal0 [0x00F068F1+1075441]
	Ordinal0 [0x00E7DFC9+516041]
	Ordinal0 [0x00E10554+66900]
	Ordinal0 [0x00E0CCE2+52450]
	Ordinal0 [0x00E2BFD7+180183]
	Ordinal0 [0x00E2BDDD+179677]
	Ordinal0 [0x00E29D4B+171339]
	Ordinal0 [0x00E11D4A+73034]
	Ordinal0 [0x00E12DC0+77248]
	Ordinal0 [0x00E12D59+77145]
	Ordinal0 [0x00F1BB67+1162087]
	GetHandleVerifier [0x0103A966+508998]
	GetHandleVerifier [0x0103A6A4+508292]
	GetHandleVerifier [0x0104F7B7+594583]
	GetHandleVerifier [0x0103B1D6+511158]
	Ordinal0 [0x00F1402C+1130540]
	Ordinal0 [0x00F1D4CB+1168587]
	Ordinal0 [0x00F1D633+1168947]
	Ordinal0 [0x00F35B35+1268533]
	BaseThreadInitThunk [0x74B56359+25]
	RtlGetAppContainerNamedObjectPath [0x771F7C24+228]
	RtlGetAppContainerNamedObjectPath [0x771F7BF4+180]
">
      <![CDATA[org.openqa.selenium.SessionNotCreatedException: session not created: This version of ChromeDriver only supports Chrome version 80
Build info: version: '3.141.59', revision: 'e82be7d358', time: '2018-11-14T08:25:53'
System info: host: 'TRI03L-5TH09Z1', ip: '192.168.1.4', os.name: 'Windows 10', os.arch: 'amd64', os.version: '10.0', java.version: '1.8.0_221'
Driver info: driver.version: ChromeDriver
remote stacktrace: Backtrace:
	Ordinal0 [0x00FA0C83+1707139]
	Ordinal0 [0x00F068F1+1075441]
	Ordinal0 [0x00E7DFC9+516041]
	Ordinal0 [0x00E10554+66900]
	Ordinal0 [0x00E0CCE2+52450]
	Ordinal0 [0x00E2BFD7+180183]
	Ordinal0 [0x00E2BDDD+179677]
	Ordinal0 [0x00E29D4B+171339]
	Ordinal0 [0x00E11D4A+73034]
	Ordinal0 [0x00E12DC0+77248]
	Ordinal0 [0x00E12D59+77145]
	Ordinal0 [0x00F1BB67+1162087]
	GetHandleVerifier [0x0103A966+508998]
	GetHandleVerifier [0x0103A6A4+508292]
	GetHandleVerifier [0x0104F7B7+594583]
	GetHandleVerifier [0x0103B1D6+511158]
	Ordinal0 [0x00F1402C+1130540]
	Ordinal0 [0x00F1D4CB+1168587]
	Ordinal0 [0x00F1D633+1168947]
	Ordinal0 [0x00F35B35+1268533]
	BaseThreadInitThunk [0x74B56359+25]
	RtlGetAppContainerNamedObjectPath [0x771F7C24+228]
	RtlGetAppContainerNamedObjectPath [0x771F7BF4+180]

	at sun.reflect.NativeConstructorAccessorImpl.newInstance0(Native Method)
	at sun.reflect.NativeConstructorAccessorImpl.newInstance(Unknown Source)
	at sun.reflect.DelegatingConstructorAccessorImpl.newInstance(Unknown Source)
	at java.lang.reflect.Constructor.newInstance(Unknown Source)
	at org.openqa.selenium.remote.W3CHandshakeResponse.lambda$errorHandler$0(W3CHandshakeResponse.java:62)
	at org.openqa.selenium.remote.HandshakeResponse.lambda$getResponseFunction$0(HandshakeResponse.java:30)
	at org.openqa.selenium.remote.ProtocolHandshake.lambda$createSession$0(ProtocolHandshake.java:126)
	at java.util.stream.ReferencePipeline$3$1.accept(Unknown Source)
	at java.util.Spliterators$ArraySpliterator.tryAdvance(Unknown Source)
	at java.util.stream.ReferencePipeline.forEachWithCancel(Unknown Source)
	at java.util.stream.AbstractPipeline.copyIntoWithCancel(Unknown Source)
	at java.util.stream.AbstractPipeline.copyInto(Unknown Source)
	at java.util.stream.AbstractPipeline.wrapAndCopyInto(Unknown Source)
	at java.util.stream.FindOps$FindOp.evaluateSequential(Unknown Source)
	at java.util.stream.AbstractPipeline.evaluate(Unknown Source)
	at java.util.stream.ReferencePipeline.findFirst(Unknown Source)
	at org.openqa.selenium.remote.ProtocolHandshake.createSession(ProtocolHandshake.java:128)
	at org.openqa.selenium.remote.ProtocolHandshake.createSession(ProtocolHandshake.java:74)
	at org.openqa.selenium.remote.HttpCommandExecutor.execute(HttpCommandExecutor.java:136)
	at org.openqa.selenium.remote.service.DriverCommandExecutor.execute(DriverCommandExecutor.java:83)
	at org.openqa.selenium.remote.RemoteWebDriver.execute(RemoteWebDriver.java:552)
	at org.openqa.selenium.remote.RemoteWebDriver.startSession(RemoteWebDriver.java:213)
	at org.openqa.selenium.remote.RemoteWebDriver.<init>(RemoteWebDriver.java:131)
	at org.openqa.selenium.chrome.ChromeDriver.<init>(ChromeDriver.java:181)
	at org.openqa.selenium.chrome.ChromeDriver.<init>(ChromeDriver.java:168)
	at org.openqa.selenium.chrome.ChromeDriver.<init>(ChromeDriver.java:123)
	at Realtime_Scenarios.Sample.browsersetup(Sample.java:17)
	at sun.reflect.NativeMethodAccessorImpl.invoke0(Native Method)
	at sun.reflect.NativeMethodAccessorImpl.invoke(Unknown Source)
	at sun.reflect.DelegatingMethodAccessorImpl.invoke(Unknown Source)
	at java.lang.reflect.Method.invoke(Unknown Source)
	at org.testng.internal.MethodInvocationHelper.invokeMethod(MethodInvocationHelper.java:86)
	at org.testng.internal.Invoker.invokeConfigurationMethod(Invoker.java:514)
	at org.testng.internal.Invoker.invokeConfigurations(Invoker.java:215)
	at org.testng.internal.Invoker.invokeConfigurations(Invoker.java:142)
	at org.testng.TestRunner.beforeRun(TestRunner.java:656)
	at org.testng.TestRunner.run(TestRunner.java:624)
	at org.testng.SuiteRunner.runTest(SuiteRunner.java:366)
	at org.testng.SuiteRunner.runSequentially(SuiteRunner.java:361)
	at org.testng.SuiteRunner.privateRun(SuiteRunner.java:319)
	at org.testng.SuiteRunner.run(SuiteRunner.java:268)
	at org.testng.SuiteRunnerWorker.runSuite(SuiteRunnerWorker.java:52)
	at org.testng.SuiteRunnerWorker.run(SuiteRunnerWorker.java:86)
	at org.testng.TestNG.runSuitesSequentially(TestNG.java:1244)
	at org.testng.TestNG.runSuitesLocally(TestNG.java:1169)
	at org.testng.TestNG.run(TestNG.java:1064)
	at org.testng.remote.RemoteTestNG.run(RemoteTestNG.java:113)
	at org.testng.remote.RemoteTestNG.initAndRun(RemoteTestNG.java:206)
	at org.testng.remote.RemoteTestNG.main(RemoteTestNG.java:177)
]]>
    </error>
  </testcase> <!-- VerifyTitle -->
</testsuite> <!-- Realtime_Scenarios.Sample -->
